<?xml version="1.0" encoding="UTF-8"?>
<!-- Generated by org.testng.reporters.JUnitReportReporter -->
<testsuite skipped="0" hostname="TH1554" name="com.milvik.mip.customermanagement.testrunner.MIP_CustRegistration_Test" tests="1" failures="0" timestamp="17 Jul 2018 11:13:49 GMT" time="15.146" errors="0">
  <testcase name="mandatoryFieldValidationInregistration" time="15.146" classname="com.milvik.mip.customermanagement.testrunner.MIP_CustRegistration_Test"/>
</testsuite> <!-- com.milvik.mip.customermanagement.testrunner.MIP_CustRegistration_Test -->
