<?xml version="1.0" encoding="UTF-8"?>
<!-- Generated by org.testng.reporters.JUnitReportReporter -->
<testsuite skipped="0" hostname="TH1554" name="com.milvik.mip.customermanagement.testrunner.MIP_ChangeCoverLevel_Test" tests="3" failures="0" timestamp="18 Jul 2018 06:05:37 GMT" time="94.298" errors="0">
  <testcase name="changeCoverLevel_ExistingCustomer" time="30.582" classname="com.milvik.mip.customermanagement.testrunner.MIP_ChangeCoverLevel_Test"/>
  <testcase name="changeCoverLevel_ExistingCustomer" time="30.743" classname="com.milvik.mip.customermanagement.testrunner.MIP_ChangeCoverLevel_Test"/>
  <testcase name="changeCoverLevel_ExistingCustomer" time="32.973" classname="com.milvik.mip.customermanagement.testrunner.MIP_ChangeCoverLevel_Test"/>
</testsuite> <!-- com.milvik.mip.customermanagement.testrunner.MIP_ChangeCoverLevel_Test -->
